app/build/intermediates/manifest_merge_blame_file/debug/manifest-merger-blame-debug-report.txt
1<?xml version="1.0" encoding="utf-8"?>
2<manifest xmlns:android="http://schemas.android.com/apk/res/android"
3    package="com.abig.myloplay"
4    android:versionCode="1"
5    android:versionName="1.0" >
6
7    <uses-sdk
8        android:minSdkVersion="21"
9        android:targetSdkVersion="33" />
10
11    <uses-permission
11-->src/main/AndroidManifest.xml:5:5-7:38
12        android:name="android.permission.READ_EXTERNAL_STORAGE"
12-->src/main/AndroidManifest.xml:6:9-64
13        android:maxSdkVersion="32" />
13-->src/main/AndroidManifest.xml:7:9-35
14    <uses-permission
14-->src/main/AndroidManifest.xml:8:5-10:38
15        android:name="android.permission.WRITE_EXTERNAL_STORAGE"
15-->src/main/AndroidManifest.xml:9:9-65
16        android:maxSdkVersion="32" />
16-->src/main/AndroidManifest.xml:10:9-35
17    <uses-permission android:name="android.permission.READ_CONTACTS" />
17-->src/main/AndroidManifest.xml:11:5-72
17-->src/main/AndroidManifest.xml:11:22-69
18    <uses-permission android:name="android.permission.FOREGROUND_SERVICE" />
18-->src/main/AndroidManifest.xml:12:5-77
18-->src/main/AndroidManifest.xml:12:22-74
19    <uses-permission android:name="android.permission.INTERNET" />
19-->[com.google.firebase:firebase-auth:21.1.0] AndroidManifest.xml:23:5-67
19-->[com.google.firebase:firebase-auth:21.1.0] AndroidManifest.xml:23:22-64
20    <uses-permission android:name="android.permission.ACCESS_NETWORK_STATE" />
20-->[com.google.firebase:firebase-auth:21.1.0] AndroidManifest.xml:24:5-79
20-->[com.google.firebase:firebase-auth:21.1.0] AndroidManifest.xml:24:22-76
21    <uses-permission android:name="android.permission.POST_NOTIFICATIONS" />
21-->[com.google.firebase:firebase-messaging:23.4.1] AndroidManifest.xml:23:5-77
21-->[com.google.firebase:firebase-messaging:23.4.1] AndroidManifest.xml:23:22-74
22    <uses-permission android:name="android.permission.WAKE_LOCK" /> <!-- Required by older versions of Google Play services to create IID tokens -->
22-->[com.google.firebase:firebase-messaging:23.4.1] AndroidManifest.xml:24:5-68
22-->[com.google.firebase:firebase-messaging:23.4.1] AndroidManifest.xml:24:22-65
23    <uses-permission android:name="com.google.android.c2dm.permission.RECEIVE" />
23-->[com.google.firebase:firebase-messaging:23.4.1] AndroidManifest.xml:26:5-82
23-->[com.google.firebase:firebase-messaging:23.4.1] AndroidManifest.xml:26:22-79
24    <uses-permission android:name="com.google.android.gms.permission.AD_ID" />
24-->[com.google.android.gms:play-services-measurement-api:21.2.0] AndroidManifest.xml:25:5-79
24-->[com.google.android.gms:play-services-measurement-api:21.2.0] AndroidManifest.xml:25:22-76
25    <uses-permission android:name="com.google.android.finsky.permission.BIND_GET_INSTALL_REFERRER_SERVICE" />
25-->[com.google.android.gms:play-services-measurement:21.2.0] AndroidManifest.xml:26:5-110
25-->[com.google.android.gms:play-services-measurement:21.2.0] AndroidManifest.xml:26:22-107
26
27    <permission
27-->[androidx.core:core:1.12.0] AndroidManifest.xml:22:5-24:47
28        android:name="com.abig.myloplay.DYNAMIC_RECEIVER_NOT_EXPORTED_PERMISSION"
28-->[androidx.core:core:1.12.0] AndroidManifest.xml:23:9-81
29        android:protectionLevel="signature" />
29-->[androidx.core:core:1.12.0] AndroidManifest.xml:24:9-44
30
31    <uses-permission android:name="com.abig.myloplay.DYNAMIC_RECEIVER_NOT_EXPORTED_PERMISSION" />
31-->[androidx.core:core:1.12.0] AndroidManifest.xml:26:5-97
31-->[androidx.core:core:1.12.0] AndroidManifest.xml:26:22-94
32
33    <application
33-->src/main/AndroidManifest.xml:15:5-134:19
34        android:name="com.abig.myloplay.MyloApplication"
34-->src/main/AndroidManifest.xml:16:9-40
35        android:allowBackup="true"
35-->src/main/AndroidManifest.xml:17:9-35
36        android:appComponentFactory="androidx.core.app.CoreComponentFactory"
36-->[androidx.core:core:1.12.0] AndroidManifest.xml:28:18-86
37        android:dataExtractionRules="@xml/data_extraction_rules"
37-->src/main/AndroidManifest.xml:18:9-65
38        android:debuggable="true"
39        android:extractNativeLibs="true"
40        android:fullBackupContent="@xml/backup_rules"
40-->src/main/AndroidManifest.xml:19:9-54
41        android:icon="@drawable/mylogo"
41-->src/main/AndroidManifest.xml:20:9-40
42        android:label="@string/app_name"
42-->src/main/AndroidManifest.xml:21:9-41
43        android:roundIcon="@drawable/mylogo"
43-->src/main/AndroidManifest.xml:22:9-45
44        android:supportsRtl="true"
44-->src/main/AndroidManifest.xml:23:9-35
45        android:testOnly="true"
46        android:theme="@style/Theme.MyloPlay" >
46-->src/main/AndroidManifest.xml:24:9-46
47        <service android:name="com.abig.myloplay.MediaPlaybackService" />
47-->src/main/AndroidManifest.xml:26:9-57
47-->src/main/AndroidManifest.xml:26:18-54
48
49        <provider
50            android:name="androidx.core.content.FileProvider"
50-->src/main/AndroidManifest.xml:29:13-62
51            android:authorities="com.abig.myloplay.provider"
51-->src/main/AndroidManifest.xml:30:13-60
52            android:exported="false"
52-->src/main/AndroidManifest.xml:31:13-37
53            android:grantUriPermissions="true" >
53-->src/main/AndroidManifest.xml:32:13-47
54            <meta-data
54-->src/main/AndroidManifest.xml:33:13-35:54
55                android:name="android.support.FILE_PROVIDER_PATHS"
55-->src/main/AndroidManifest.xml:34:17-67
56                android:resource="@xml/file_paths" />
56-->src/main/AndroidManifest.xml:35:17-51
57        </provider>
58
59        <activity
59-->src/main/AndroidManifest.xml:38:9-40:40
60            android:name="com.abig.myloplay.ChatActivity"
60-->src/main/AndroidManifest.xml:39:13-41
61            android:exported="false" />
61-->src/main/AndroidManifest.xml:40:13-37
62        <activity
62-->src/main/AndroidManifest.xml:41:9-43:40
63            android:name="com.abig.myloplay.GroupPlaylistContacts"
63-->src/main/AndroidManifest.xml:42:13-50
64            android:exported="false" />
64-->src/main/AndroidManifest.xml:43:13-37
65        <activity
65-->src/main/AndroidManifest.xml:44:9-46:40
66            android:name="com.abig.myloplay.RecommendedSongsActivity"
66-->src/main/AndroidManifest.xml:45:13-53
67            android:exported="false" />
67-->src/main/AndroidManifest.xml:46:13-37
68        <activity
68-->src/main/AndroidManifest.xml:47:9-49:40
69            android:name="com.abig.myloplay.MiniPlayerActivity"
69-->src/main/AndroidManifest.xml:48:13-47
70            android:exported="false" />
70-->src/main/AndroidManifest.xml:49:13-37
71        <activity
71-->src/main/AndroidManifest.xml:50:9-54:53
72            android:name="com.abig.myloplay.UserContacts"
72-->src/main/AndroidManifest.xml:51:13-41
73            android:exported="false"
73-->src/main/AndroidManifest.xml:52:13-37
74            android:label="@string/title_activity_user_contacts"
74-->src/main/AndroidManifest.xml:53:13-65
75            android:theme="@style/Theme.MyloPlay" />
75-->src/main/AndroidManifest.xml:54:13-50
76        <activity
76-->src/main/AndroidManifest.xml:55:9-61:20
77            android:name="com.abig.myloplay.SettingsActivity"
77-->src/main/AndroidManifest.xml:56:13-45
78            android:exported="false" >
78-->src/main/AndroidManifest.xml:57:13-37
79            <meta-data
79-->src/main/AndroidManifest.xml:58:13-60:57
80                android:name="android.support.PARENT_ACTIVITY"
80-->src/main/AndroidManifest.xml:59:17-63
81                android:value=".AllPlaylistsFragment" />
81-->src/main/AndroidManifest.xml:60:17-54
82        </activity>
83        <activity
83-->src/main/AndroidManifest.xml:62:9-68:20
84            android:name="com.abig.myloplay.AudioActivity"
84-->src/main/AndroidManifest.xml:63:13-42
85            android:exported="false" >
85-->src/main/AndroidManifest.xml:64:13-37
86            <meta-data
86-->src/main/AndroidManifest.xml:58:13-60:57
87                android:name="android.support.PARENT_ACTIVITY"
87-->src/main/AndroidManifest.xml:59:17-63
88                android:value=".AllPlaylistsFragment" />
88-->src/main/AndroidManifest.xml:60:17-54
89        </activity>
90        <activity
90-->src/main/AndroidManifest.xml:69:9-75:20
91            android:name="com.abig.myloplay.UserPrivacyContacts"
91-->src/main/AndroidManifest.xml:70:13-48
92            android:exported="false" >
92-->src/main/AndroidManifest.xml:71:13-37
93            <meta-data
93-->src/main/AndroidManifest.xml:58:13-60:57
94                android:name="android.support.PARENT_ACTIVITY"
94-->src/main/AndroidManifest.xml:59:17-63
95                android:value=".SettingsActivity" />
95-->src/main/AndroidManifest.xml:60:17-54
96        </activity>
97        <activity
97-->src/main/AndroidManifest.xml:76:9-79:53
98            android:name="com.abig.myloplay.SignUp"
98-->src/main/AndroidManifest.xml:77:13-35
99            android:exported="false"
99-->src/main/AndroidManifest.xml:78:13-37
100            android:theme="@style/Theme.MyloPlay" />
100-->src/main/AndroidManifest.xml:79:13-50
101        <activity
101-->src/main/AndroidManifest.xml:80:9-82:40
102            android:name="com.abig.myloplay.VerificationCodeActivity"
102-->src/main/AndroidManifest.xml:81:13-53
103            android:exported="false" />
103-->src/main/AndroidManifest.xml:82:13-37
104        <activity
104-->src/main/AndroidManifest.xml:83:9-85:40
105            android:name="com.abig.myloplay.MyAccount"
105-->src/main/AndroidManifest.xml:84:13-38
106            android:exported="false" />
106-->src/main/AndroidManifest.xml:85:13-37
107        <activity
107-->src/main/AndroidManifest.xml:86:9-88:40
108            android:name="com.abig.myloplay.MyloPlayer"
108-->src/main/AndroidManifest.xml:87:13-39
109            android:exported="false" />
109-->src/main/AndroidManifest.xml:88:13-37
110        <activity
110-->src/main/AndroidManifest.xml:89:9-91:40
111            android:name="com.abig.myloplay.PlaylistsActivity"
111-->src/main/AndroidManifest.xml:90:13-46
112            android:exported="false" />
112-->src/main/AndroidManifest.xml:91:13-37
113        <activity
113-->src/main/AndroidManifest.xml:92:9-94:40
114            android:name="com.abig.myloplay.DownloadDetailsFragment"
114-->src/main/AndroidManifest.xml:93:13-52
115            android:exported="false" />
115-->src/main/AndroidManifest.xml:94:13-37
116        <activity
116-->src/main/AndroidManifest.xml:95:9-99:53
117            android:name="com.abig.myloplay.UserProfile"
117-->src/main/AndroidManifest.xml:96:13-40
118            android:exported="false"
118-->src/main/AndroidManifest.xml:97:13-37
119            android:label="@string/title_activity_user_profile"
119-->src/main/AndroidManifest.xml:98:13-64
120            android:theme="@style/Theme.MyloPlay" />
120-->src/main/AndroidManifest.xml:99:13-50
121        <activity
121-->src/main/AndroidManifest.xml:100:9-106:20
122            android:name="com.abig.myloplay.PlaylistDetailsActivity"
122-->src/main/AndroidManifest.xml:101:13-52
123            android:exported="false" >
123-->src/main/AndroidManifest.xml:102:13-37
124            <meta-data
124-->src/main/AndroidManifest.xml:103:13-105:36
125                android:name="android.app.lib_name"
125-->src/main/AndroidManifest.xml:104:17-52
126                android:value="" />
126-->src/main/AndroidManifest.xml:105:17-33
127        </activity>
128        <activity
128-->src/main/AndroidManifest.xml:107:9-113:20
129            android:name="com.abig.myloplay.AddPlaylistDialogFragment"
129-->src/main/AndroidManifest.xml:108:13-54
130            android:exported="false" >
130-->src/main/AndroidManifest.xml:109:13-37
131            <meta-data
131-->src/main/AndroidManifest.xml:103:13-105:36
132                android:name="android.app.lib_name"
132-->src/main/AndroidManifest.xml:104:17-52
133                android:value="" />
133-->src/main/AndroidManifest.xml:105:17-33
134        </activity>
135        <activity
135-->src/main/AndroidManifest.xml:114:9-120:20
136            android:name="com.abig.myloplay.MainActivity"
136-->src/main/AndroidManifest.xml:115:13-41
137            android:exported="false" >
137-->src/main/AndroidManifest.xml:116:13-37
138            <meta-data
138-->src/main/AndroidManifest.xml:103:13-105:36
139                android:name="android.app.lib_name"
139-->src/main/AndroidManifest.xml:104:17-52
140                android:value="" />
140-->src/main/AndroidManifest.xml:105:17-33
141        </activity>
142        <activity
142-->src/main/AndroidManifest.xml:121:9-133:20
143            android:name="com.abig.myloplay.AllPlaylistsFragment"
143-->src/main/AndroidManifest.xml:122:13-49
144            android:exported="true" >
144-->src/main/AndroidManifest.xml:123:13-36
145            <intent-filter>
145-->src/main/AndroidManifest.xml:124:13-128:29
146                <action android:name="android.intent.action.MAIN" />
146-->src/main/AndroidManifest.xml:125:17-69
146-->src/main/AndroidManifest.xml:125:25-66
147
148                <category android:name="android.intent.category.LAUNCHER" />
148-->src/main/AndroidManifest.xml:127:17-77
148-->src/main/AndroidManifest.xml:127:27-74
149            </intent-filter>
150
151            <meta-data
151-->src/main/AndroidManifest.xml:103:13-105:36
152                android:name="android.app.lib_name"
152-->src/main/AndroidManifest.xml:104:17-52
153                android:value="" />
153-->src/main/AndroidManifest.xml:105:17-33
154        </activity>
155
156        <service
156-->[com.google.firebase:firebase-auth-ktx:21.1.0] AndroidManifest.xml:8:9-14:19
157            android:name="com.google.firebase.components.ComponentDiscoveryService"
157-->[com.google.firebase:firebase-auth-ktx:21.1.0] AndroidManifest.xml:9:13-84
158            android:directBootAware="true"
158-->[com.google.firebase:firebase-common:20.4.2] AndroidManifest.xml:32:13-43
159            android:exported="false" >
159-->[com.google.firebase:firebase-auth-ktx:21.1.0] AndroidManifest.xml:10:13-37
160            <meta-data
160-->[com.google.firebase:firebase-auth-ktx:21.1.0] AndroidManifest.xml:11:13-13:85
161                android:name="com.google.firebase.components:com.google.firebase.auth.ktx.FirebaseAuthKtxRegistrar"
161-->[com.google.firebase:firebase-auth-ktx:21.1.0] AndroidManifest.xml:12:17-116
162                android:value="com.google.firebase.components.ComponentRegistrar" />
162-->[com.google.firebase:firebase-auth-ktx:21.1.0] AndroidManifest.xml:13:17-82
163            <meta-data
163-->[com.google.firebase:firebase-auth:21.1.0] AndroidManifest.xml:67:13-69:85
164                android:name="com.google.firebase.components:com.google.firebase.auth.FirebaseAuthRegistrar"
164-->[com.google.firebase:firebase-auth:21.1.0] AndroidManifest.xml:68:17-109
165                android:value="com.google.firebase.components.ComponentRegistrar" />
165-->[com.google.firebase:firebase-auth:21.1.0] AndroidManifest.xml:69:17-82
166            <meta-data
166-->[com.google.firebase:firebase-database-ktx:20.1.0] AndroidManifest.xml:14:13-16:85
167                android:name="com.google.firebase.components:com.google.firebase.database.ktx.FirebaseDatabaseKtxRegistrar"
167-->[com.google.firebase:firebase-database-ktx:20.1.0] AndroidManifest.xml:15:17-124
168                android:value="com.google.firebase.components.ComponentRegistrar" />
168-->[com.google.firebase:firebase-database-ktx:20.1.0] AndroidManifest.xml:16:17-82
169            <meta-data
169-->[com.google.firebase:firebase-database:20.1.0] AndroidManifest.xml:31:13-33:85
170                android:name="com.google.firebase.components:com.google.firebase.database.DatabaseRegistrar"
170-->[com.google.firebase:firebase-database:20.1.0] AndroidManifest.xml:32:17-109
171                android:value="com.google.firebase.components.ComponentRegistrar" />
171-->[com.google.firebase:firebase-database:20.1.0] AndroidManifest.xml:33:17-82
172            <meta-data
172-->[com.google.firebase:firebase-storage-ktx:20.1.0] AndroidManifest.xml:14:13-16:85
173                android:name="com.google.firebase.components:com.google.firebase.storage.ktx.FirebaseStorageKtxRegistrar"
173-->[com.google.firebase:firebase-storage-ktx:20.1.0] AndroidManifest.xml:15:17-122
174                android:value="com.google.firebase.components.ComponentRegistrar" />
174-->[com.google.firebase:firebase-storage-ktx:20.1.0] AndroidManifest.xml:16:17-82
175            <meta-data
175-->[com.google.firebase:firebase-storage:20.1.0] AndroidManifest.xml:32:13-34:85
176                android:name="com.google.firebase.components:com.google.firebase.storage.StorageRegistrar"
176-->[com.google.firebase:firebase-storage:20.1.0] AndroidManifest.xml:33:17-107
177                android:value="com.google.firebase.components.ComponentRegistrar" />
177-->[com.google.firebase:firebase-storage:20.1.0] AndroidManifest.xml:34:17-82
178            <meta-data
178-->[com.google.firebase:firebase-messaging-ktx:23.4.1] AndroidManifest.xml:26:13-28:85
179                android:name="com.google.firebase.components:com.google.firebase.messaging.ktx.FirebaseMessagingLegacyRegistrar"
179-->[com.google.firebase:firebase-messaging-ktx:23.4.1] AndroidManifest.xml:27:17-129
180                android:value="com.google.firebase.components.ComponentRegistrar" />
180-->[com.google.firebase:firebase-messaging-ktx:23.4.1] AndroidManifest.xml:28:17-82
181            <meta-data
181-->[com.google.firebase:firebase-messaging:23.4.1] AndroidManifest.xml:57:13-59:85
182                android:name="com.google.firebase.components:com.google.firebase.messaging.FirebaseMessagingKtxRegistrar"
182-->[com.google.firebase:firebase-messaging:23.4.1] AndroidManifest.xml:58:17-122
183                android:value="com.google.firebase.components.ComponentRegistrar" />
183-->[com.google.firebase:firebase-messaging:23.4.1] AndroidManifest.xml:59:17-82
184            <meta-data
184-->[com.google.firebase:firebase-messaging:23.4.1] AndroidManifest.xml:60:13-62:85
185                android:name="com.google.firebase.components:com.google.firebase.messaging.FirebaseMessagingRegistrar"
185-->[com.google.firebase:firebase-messaging:23.4.1] AndroidManifest.xml:61:17-119
186                android:value="com.google.firebase.components.ComponentRegistrar" />
186-->[com.google.firebase:firebase-messaging:23.4.1] AndroidManifest.xml:62:17-82
187            <meta-data
187-->[com.google.android.gms:play-services-measurement-api:21.2.0] AndroidManifest.xml:31:13-33:85
188                android:name="com.google.firebase.components:com.google.firebase.analytics.connector.internal.AnalyticsConnectorRegistrar"
188-->[com.google.android.gms:play-services-measurement-api:21.2.0] AndroidManifest.xml:32:17-139
189                android:value="com.google.firebase.components.ComponentRegistrar" />
189-->[com.google.android.gms:play-services-measurement-api:21.2.0] AndroidManifest.xml:33:17-82
190            <meta-data
190-->[com.google.firebase:firebase-installations:17.2.0] AndroidManifest.xml:15:13-17:85
191                android:name="com.google.firebase.components:com.google.firebase.installations.FirebaseInstallationsKtxRegistrar"
191-->[com.google.firebase:firebase-installations:17.2.0] AndroidManifest.xml:16:17-130
192                android:value="com.google.firebase.components.ComponentRegistrar" />
192-->[com.google.firebase:firebase-installations:17.2.0] AndroidManifest.xml:17:17-82
193            <meta-data
193-->[com.google.firebase:firebase-installations:17.2.0] AndroidManifest.xml:18:13-20:85
194                android:name="com.google.firebase.components:com.google.firebase.installations.FirebaseInstallationsRegistrar"
194-->[com.google.firebase:firebase-installations:17.2.0] AndroidManifest.xml:19:17-127
195                android:value="com.google.firebase.components.ComponentRegistrar" />
195-->[com.google.firebase:firebase-installations:17.2.0] AndroidManifest.xml:20:17-82
196            <meta-data
196-->[com.google.firebase:firebase-common-ktx:20.4.2] AndroidManifest.xml:12:13-14:85
197                android:name="com.google.firebase.components:com.google.firebase.ktx.FirebaseCommonLegacyRegistrar"
197-->[com.google.firebase:firebase-common-ktx:20.4.2] AndroidManifest.xml:13:17-116
198                android:value="com.google.firebase.components.ComponentRegistrar" />
198-->[com.google.firebase:firebase-common-ktx:20.4.2] AndroidManifest.xml:14:17-82
199            <meta-data
199-->[com.google.firebase:firebase-common:20.4.2] AndroidManifest.xml:35:13-37:85
200                android:name="com.google.firebase.components:com.google.firebase.FirebaseCommonKtxRegistrar"
200-->[com.google.firebase:firebase-common:20.4.2] AndroidManifest.xml:36:17-109
201                android:value="com.google.firebase.components.ComponentRegistrar" />
201-->[com.google.firebase:firebase-common:20.4.2] AndroidManifest.xml:37:17-82
202            <meta-data
202-->[com.google.firebase:firebase-datatransport:18.1.7] AndroidManifest.xml:27:13-29:85
203                android:name="com.google.firebase.components:com.google.firebase.datatransport.TransportRegistrar"
203-->[com.google.firebase:firebase-datatransport:18.1.7] AndroidManifest.xml:28:17-115
204                android:value="com.google.firebase.components.ComponentRegistrar" />
204-->[com.google.firebase:firebase-datatransport:18.1.7] AndroidManifest.xml:29:17-82
205        </service>
206
207        <activity
207-->[com.google.firebase:firebase-auth:21.1.0] AndroidManifest.xml:27:9-44:20
208            android:name="com.google.firebase.auth.internal.GenericIdpActivity"
208-->[com.google.firebase:firebase-auth:21.1.0] AndroidManifest.xml:28:13-80
209            android:excludeFromRecents="true"
209-->[com.google.firebase:firebase-auth:21.1.0] AndroidManifest.xml:29:13-46
210            android:exported="true"
210-->[com.google.firebase:firebase-auth:21.1.0] AndroidManifest.xml:30:13-36
211            android:launchMode="singleTask"
211-->[com.google.firebase:firebase-auth:21.1.0] AndroidManifest.xml:31:13-44
212            android:theme="@android:style/Theme.Translucent.NoTitleBar" >
212-->[com.google.firebase:firebase-auth:21.1.0] AndroidManifest.xml:32:13-72
213            <intent-filter>
213-->[com.google.firebase:firebase-auth:21.1.0] AndroidManifest.xml:33:13-43:29
214                <action android:name="android.intent.action.VIEW" />
214-->[com.google.firebase:firebase-auth:21.1.0] AndroidManifest.xml:34:17-69
214-->[com.google.firebase:firebase-auth:21.1.0] AndroidManifest.xml:34:25-66
215
216                <category android:name="android.intent.category.DEFAULT" />
216-->[com.google.firebase:firebase-auth:21.1.0] AndroidManifest.xml:36:17-76
216-->[com.google.firebase:firebase-auth:21.1.0] AndroidManifest.xml:36:27-73
217                <category android:name="android.intent.category.BROWSABLE" />
217-->[com.google.firebase:firebase-auth:21.1.0] AndroidManifest.xml:37:17-78
217-->[com.google.firebase:firebase-auth:21.1.0] AndroidManifest.xml:37:27-75
218
219                <data
219-->[com.google.firebase:firebase-auth:21.1.0] AndroidManifest.xml:39:17-42:51
220                    android:host="firebase.auth"
220-->[com.google.firebase:firebase-auth:21.1.0] AndroidManifest.xml:40:21-49
221                    android:path="/"
221-->[com.google.firebase:firebase-auth:21.1.0] AndroidManifest.xml:41:21-37
222                    android:scheme="genericidp" />
222-->[com.google.firebase:firebase-auth:21.1.0] AndroidManifest.xml:42:21-48
223            </intent-filter>
224        </activity>
225        <activity
225-->[com.google.firebase:firebase-auth:21.1.0] AndroidManifest.xml:45:9-62:20
226            android:name="com.google.firebase.auth.internal.RecaptchaActivity"
226-->[com.google.firebase:firebase-auth:21.1.0] AndroidManifest.xml:46:13-79
227            android:excludeFromRecents="true"
227-->[com.google.firebase:firebase-auth:21.1.0] AndroidManifest.xml:47:13-46
228            android:exported="true"
228-->[com.google.firebase:firebase-auth:21.1.0] AndroidManifest.xml:48:13-36
229            android:launchMode="singleTask"
229-->[com.google.firebase:firebase-auth:21.1.0] AndroidManifest.xml:49:13-44
230            android:theme="@android:style/Theme.Translucent.NoTitleBar" >
230-->[com.google.firebase:firebase-auth:21.1.0] AndroidManifest.xml:50:13-72
231            <intent-filter>
231-->[com.google.firebase:firebase-auth:21.1.0] AndroidManifest.xml:51:13-61:29
232                <action android:name="android.intent.action.VIEW" />
232-->[com.google.firebase:firebase-auth:21.1.0] AndroidManifest.xml:34:17-69
232-->[com.google.firebase:firebase-auth:21.1.0] AndroidManifest.xml:34:25-66
233
234                <category android:name="android.intent.category.DEFAULT" />
234-->[com.google.firebase:firebase-auth:21.1.0] AndroidManifest.xml:36:17-76
234-->[com.google.firebase:firebase-auth:21.1.0] AndroidManifest.xml:36:27-73
235                <category android:name="android.intent.category.BROWSABLE" />
235-->[com.google.firebase:firebase-auth:21.1.0] AndroidManifest.xml:37:17-78
235-->[com.google.firebase:firebase-auth:21.1.0] AndroidManifest.xml:37:27-75
236
237                <data
237-->[com.google.firebase:firebase-auth:21.1.0] AndroidManifest.xml:39:17-42:51
238                    android:host="firebase.auth"
238-->[com.google.firebase:firebase-auth:21.1.0] AndroidManifest.xml:40:21-49
239                    android:path="/"
239-->[com.google.firebase:firebase-auth:21.1.0] AndroidManifest.xml:41:21-37
240                    android:scheme="recaptcha" />
240-->[com.google.firebase:firebase-auth:21.1.0] AndroidManifest.xml:42:21-48
241            </intent-filter>
242        </activity>
243
244        <receiver
244-->[com.google.firebase:firebase-messaging:23.4.1] AndroidManifest.xml:29:9-40:20
245            android:name="com.google.firebase.iid.FirebaseInstanceIdReceiver"
245-->[com.google.firebase:firebase-messaging:23.4.1] AndroidManifest.xml:30:13-78
246            android:exported="true"
246-->[com.google.firebase:firebase-messaging:23.4.1] AndroidManifest.xml:31:13-36
247            android:permission="com.google.android.c2dm.permission.SEND" >
247-->[com.google.firebase:firebase-messaging:23.4.1] AndroidManifest.xml:32:13-73
248            <intent-filter>
248-->[com.google.firebase:firebase-messaging:23.4.1] AndroidManifest.xml:33:13-35:29
249                <action android:name="com.google.android.c2dm.intent.RECEIVE" />
249-->[com.google.firebase:firebase-messaging:23.4.1] AndroidManifest.xml:34:17-81
249-->[com.google.firebase:firebase-messaging:23.4.1] AndroidManifest.xml:34:25-78
250            </intent-filter>
251
252            <meta-data
252-->[com.google.firebase:firebase-messaging:23.4.1] AndroidManifest.xml:37:13-39:40
253                android:name="com.google.android.gms.cloudmessaging.FINISHED_AFTER_HANDLED"
253-->[com.google.firebase:firebase-messaging:23.4.1] AndroidManifest.xml:38:17-92
254                android:value="true" />
254-->[com.google.firebase:firebase-messaging:23.4.1] AndroidManifest.xml:39:17-37
255        </receiver>
256        <!--
257             FirebaseMessagingService performs security checks at runtime,
258             but set to not exported to explicitly avoid allowing another app to call it.
259        -->
260        <service
260-->[com.google.firebase:firebase-messaging:23.4.1] AndroidManifest.xml:46:9-53:19
261            android:name="com.google.firebase.messaging.FirebaseMessagingService"
261-->[com.google.firebase:firebase-messaging:23.4.1] AndroidManifest.xml:47:13-82
262            android:directBootAware="true"
262-->[com.google.firebase:firebase-messaging:23.4.1] AndroidManifest.xml:48:13-43
263            android:exported="false" >
263-->[com.google.firebase:firebase-messaging:23.4.1] AndroidManifest.xml:49:13-37
264            <intent-filter android:priority="-500" >
264-->[com.google.firebase:firebase-messaging:23.4.1] AndroidManifest.xml:50:13-52:29
264-->[com.google.firebase:firebase-messaging:23.4.1] AndroidManifest.xml:50:28-51
265                <action android:name="com.google.firebase.MESSAGING_EVENT" />
265-->[com.google.firebase:firebase-messaging:23.4.1] AndroidManifest.xml:51:17-78
265-->[com.google.firebase:firebase-messaging:23.4.1] AndroidManifest.xml:51:25-75
266            </intent-filter>
267        </service>
268
269        <activity
269-->[com.google.android.gms:play-services-base:18.0.1] AndroidManifest.xml:20:9-22:45
270            android:name="com.google.android.gms.common.api.GoogleApiActivity"
270-->[com.google.android.gms:play-services-base:18.0.1] AndroidManifest.xml:20:19-85
271            android:exported="false"
271-->[com.google.android.gms:play-services-base:18.0.1] AndroidManifest.xml:22:19-43
272            android:theme="@android:style/Theme.Translucent.NoTitleBar" />
272-->[com.google.android.gms:play-services-base:18.0.1] AndroidManifest.xml:21:19-78
273
274        <provider
274-->[com.google.firebase:firebase-common:20.4.2] AndroidManifest.xml:23:9-28:39
275            android:name="com.google.firebase.provider.FirebaseInitProvider"
275-->[com.google.firebase:firebase-common:20.4.2] AndroidManifest.xml:24:13-77
276            android:authorities="com.abig.myloplay.firebaseinitprovider"
276-->[com.google.firebase:firebase-common:20.4.2] AndroidManifest.xml:25:13-72
277            android:directBootAware="true"
277-->[com.google.firebase:firebase-common:20.4.2] AndroidManifest.xml:26:13-43
278            android:exported="false"
278-->[com.google.firebase:firebase-common:20.4.2] AndroidManifest.xml:27:13-37
279            android:initOrder="100" />
279-->[com.google.firebase:firebase-common:20.4.2] AndroidManifest.xml:28:13-36
280
281        <uses-library
281-->[androidx.window:window:1.0.0] AndroidManifest.xml:25:9-27:40
282            android:name="androidx.window.extensions"
282-->[androidx.window:window:1.0.0] AndroidManifest.xml:26:13-54